Analysis & Synthesis report for top_level
Sun Jan 08 17:41:31 2012
Quartus II Version 8.0 Build 215 05/29/2008 SJ Full Version


---------------------
; Table of Contents ;
---------------------
  1. Legal Notice
  2. Analysis & Synthesis Summary
  3. Analysis & Synthesis Settings
  4. Analysis & Synthesis Source Files Read
  5. Analysis & Synthesis Resource Usage Summary
  6. Analysis & Synthesis Resource Utilization by Entity
  7. General Register Statistics
  8. Parameter Settings for User Entity Instance: instruction_decode:inst1|BUSMUX:inst58
  9. Parameter Settings for User Entity Instance: multiplier:inst|bit_flips:inst|BUSMUX:inst42
 10. Parameter Settings for User Entity Instance: multiplier:inst|bit_flips:inst|BUSMUX:inst41
 11. Analysis & Synthesis Messages



----------------
; Legal Notice ;
----------------
Copyright (C) 1991-2008 Altera Corporation
Your use of Altera Corporation's design tools, logic functions 
and other software and tools, and its AMPP partner logic 
functions, and any output files from any of the foregoing 
(including device programming or simulation files), and any 
associated documentation or information are expressly subject 
to the terms and conditions of the Altera Program License 
Subscription Agreement, Altera MegaCore Function License 
Agreement, or other applicable license agreement, including, 
without limitation, that your use is for the sole purpose of 
programming logic devices manufactured by Altera and sold by 
Altera or its authorized distributors.  Please refer to the 
applicable agreement for further details.



+------------------------------------------------------------------------+
; Analysis & Synthesis Summary                                           ;
+-----------------------------+------------------------------------------+
; Analysis & Synthesis Status ; Successful - Sun Jan 08 17:41:31 2012    ;
; Quartus II Version          ; 8.0 Build 215 05/29/2008 SJ Full Version ;
; Revision Name               ; top_level                                ;
; Top-level Entity Name       ; top_level                                ;
; Family                      ; Cyclone                                  ;
; Total logic elements        ; 76                                       ;
; Total pins                  ; 58                                       ;
; Total virtual pins          ; 0                                        ;
; Total memory bits           ; 0                                        ;
; DSP block 9-bit elements    ; N/A until Partition Merge                ;
; Total PLLs                  ; 0                                        ;
; Total DLLs                  ; N/A until Partition Merge                ;
+-----------------------------+------------------------------------------+


+--------------------------------------------------------------------------------------------------------+
; Analysis & Synthesis Settings                                                                          ;
+--------------------------------------------------------------+--------------------+--------------------+
; Option                                                       ; Setting            ; Default Value      ;
+--------------------------------------------------------------+--------------------+--------------------+
; Device                                                       ; EP1C20F400C7       ;                    ;
; Top-level entity name                                        ; top_level          ; top_level          ;
; Family name                                                  ; Cyclone            ; Stratix II         ;
; Use Generated Physical Constraints File                      ; Off                ;                    ;
; Use smart compilation                                        ; Off                ; Off                ;
; Maximum processors allowed for parallel compilation          ; 1                  ; 1                  ;
; Restructure Multiplexers                                     ; Auto               ; Auto               ;
; Create Debugging Nodes for IP Cores                          ; Off                ; Off                ;
; Preserve fewer node names                                    ; On                 ; On                 ;
; Disable OpenCore Plus hardware evaluation                    ; Off                ; Off                ;
; Verilog Version                                              ; Verilog_2001       ; Verilog_2001       ;
; VHDL Version                                                 ; VHDL93             ; VHDL93             ;
; State Machine Processing                                     ; Auto               ; Auto               ;
; Safe State Machine                                           ; Off                ; Off                ;
; Extract Verilog State Machines                               ; On                 ; On                 ;
; Extract VHDL State Machines                                  ; On                 ; On                 ;
; Ignore Verilog initial constructs                            ; Off                ; Off                ;
; Iteration limit for constant Verilog loops                   ; 5000               ; 5000               ;
; Iteration limit for non-constant Verilog loops               ; 250                ; 250                ;
; Add Pass-Through Logic to Inferred RAMs                      ; On                 ; On                 ;
; Parallel Synthesis                                           ; Off                ; Off                ;
; NOT Gate Push-Back                                           ; On                 ; On                 ;
; Power-Up Don't Care                                          ; On                 ; On                 ;
; Remove Redundant Logic Cells                                 ; Off                ; Off                ;
; Remove Duplicate Registers                                   ; On                 ; On                 ;
; Ignore CARRY Buffers                                         ; Off                ; Off                ;
; Ignore CASCADE Buffers                                       ; Off                ; Off                ;
; Ignore GLOBAL Buffers                                        ; Off                ; Off                ;
; Ignore ROW GLOBAL Buffers                                    ; Off                ; Off                ;
; Ignore LCELL Buffers                                         ; Off                ; Off                ;
; Ignore SOFT Buffers                                          ; On                 ; On                 ;
; Limit AHDL Integers to 32 Bits                               ; Off                ; Off                ;
; Optimization Technique                                       ; Balanced           ; Balanced           ;
; Carry Chain Length                                           ; 70                 ; 70                 ;
; Auto Carry Chains                                            ; On                 ; On                 ;
; Auto Open-Drain Pins                                         ; On                 ; On                 ;
; Perform WYSIWYG Primitive Resynthesis                        ; Off                ; Off                ;
; Perform gate-level register retiming                         ; Off                ; Off                ;
; Allow register retiming to trade off Tsu/Tco with Fmax       ; On                 ; On                 ;
; Auto ROM Replacement                                         ; On                 ; On                 ;
; Auto RAM Replacement                                         ; On                 ; On                 ;
; Auto Shift Register Replacement                              ; Auto               ; Auto               ;
; Auto Clock Enable Replacement                                ; On                 ; On                 ;
; Strict RAM Replacement                                       ; Off                ; Off                ;
; Allow Synchronous Control Signals                            ; On                 ; On                 ;
; Force Use of Synchronous Clear Signals                       ; Off                ; Off                ;
; Auto RAM Block Balancing                                     ; On                 ; On                 ;
; Auto RAM to Logic Cell Conversion                            ; Off                ; Off                ;
; Auto Resource Sharing                                        ; Off                ; Off                ;
; Allow Any RAM Size For Recognition                           ; Off                ; Off                ;
; Allow Any ROM Size For Recognition                           ; Off                ; Off                ;
; Allow Any Shift Register Size For Recognition                ; Off                ; Off                ;
; Ignore translate_off and synthesis_off directives            ; Off                ; Off                ;
; Show Parameter Settings Tables in Synthesis Report           ; On                 ; On                 ;
; Ignore Maximum Fan-Out Assignments                           ; Off                ; Off                ;
; Synchronization Register Chain Length                        ; 2                  ; 2                  ;
; PowerPlay Power Optimization                                 ; Normal compilation ; Normal compilation ;
; HDL message level                                            ; Level2             ; Level2             ;
; Suppress Register Optimization Related Messages              ; Off                ; Off                ;
; Number of Removed Registers Reported in Synthesis Report     ; 100                ; 100                ;
; Number of Inverted Registers Reported in Synthesis Report    ; 100                ; 100                ;
; Clock MUX Protection                                         ; On                 ; On                 ;
; Block Design Naming                                          ; Auto               ; Auto               ;
; Synthesis Effort                                             ; Auto               ; Auto               ;
; Shift Register Replacement - Allow Asynchronous Clear Signal ; On                 ; On                 ;
+--------------------------------------------------------------+--------------------+--------------------+


+---------------------------------------------------------------------------------------------------------------------------------------------------------------------------------------------------------------+
; Analysis & Synthesis Source Files Read                                                                                                                                                                        ;
+----------------------------------+-----------------+------------------------------------+---------------------------------------------------------------------------------------------------------------------+
; File Name with User-Entered Path ; Used in Netlist ; File Type                          ; File Name with Absolute Path                                                                                        ;
+----------------------------------+-----------------+------------------------------------+---------------------------------------------------------------------------------------------------------------------+
; add_subt_decision.bdf            ; yes             ; User Block Diagram/Schematic File  ; E:/Dropbox/University/Year 4/Digital Electronics/Assignments 3 - processor/multiplier_block/add_subt_decision.bdf   ;
; add_subt_select.bdf              ; yes             ; User Block Diagram/Schematic File  ; E:/Dropbox/University/Year 4/Digital Electronics/Assignments 3 - processor/multiplier_block/add_subt_select.bdf     ;
; adder.bdf                        ; yes             ; User Block Diagram/Schematic File  ; E:/Dropbox/University/Year 4/Digital Electronics/Assignments 3 - processor/multiplier_block/adder.bdf               ;
; bit_flips.bdf                    ; yes             ; User Block Diagram/Schematic File  ; E:/Dropbox/University/Year 4/Digital Electronics/Assignments 3 - processor/multiplier_block/bit_flips.bdf           ;
; bus_combine.bdf                  ; yes             ; User Block Diagram/Schematic File  ; E:/Dropbox/University/Year 4/Digital Electronics/Assignments 3 - processor/multiplier_block/bus_combine.bdf         ;
; CLAadder.vhd                     ; yes             ; User VHDL File                     ; E:/Dropbox/University/Year 4/Digital Electronics/Assignments 3 - processor/multiplier_block/CLAadder.vhd            ;
; input_select.bdf                 ; yes             ; User Block Diagram/Schematic File  ; E:/Dropbox/University/Year 4/Digital Electronics/Assignments 3 - processor/multiplier_block/input_select.bdf        ;
; logic.vhd                        ; yes             ; User VHDL File                     ; E:/Dropbox/University/Year 4/Digital Electronics/Assignments 3 - processor/multiplier_block/logic.vhd               ;
; multiplier.bdf                   ; yes             ; User Block Diagram/Schematic File  ; E:/Dropbox/University/Year 4/Digital Electronics/Assignments 3 - processor/multiplier_block/multiplier.bdf          ;
; np_register.bdf                  ; yes             ; User Block Diagram/Schematic File  ; E:/Dropbox/University/Year 4/Digital Electronics/Assignments 3 - processor/multiplier_block/np_register.bdf         ;
; state_machine.bdf                ; yes             ; User Block Diagram/Schematic File  ; E:/Dropbox/University/Year 4/Digital Electronics/Assignments 3 - processor/multiplier_block/state_machine.bdf       ;
; top_level.bdf                    ; yes             ; User Block Diagram/Schematic File  ; E:/Dropbox/University/Year 4/Digital Electronics/Assignments 3 - processor/multiplier_block/top_level.bdf           ;
; 4bit_register.bdf                ; yes             ; User Block Diagram/Schematic File  ; E:/Dropbox/University/Year 4/Digital Electronics/Assignments 3 - processor/multiplier_block/4bit_register.bdf       ;
; instruction_decode.bdf           ; yes             ; User Block Diagram/Schematic File  ; E:/Dropbox/University/Year 4/Digital Electronics/Assignments 3 - processor/multiplier_block/instruction_decode.bdf  ;
; instruction_pointer.bdf          ; yes             ; User Block Diagram/Schematic File  ; E:/Dropbox/University/Year 4/Digital Electronics/Assignments 3 - processor/multiplier_block/instruction_pointer.bdf ;
; data_mem2.bdf                    ; yes             ; User Block Diagram/Schematic File  ; E:/Dropbox/University/Year 4/Digital Electronics/Assignments 3 - processor/multiplier_block/data_mem2.bdf           ;
; str_decode.bdf                   ; yes             ; User Block Diagram/Schematic File  ; E:/Dropbox/University/Year 4/Digital Electronics/Assignments 3 - processor/multiplier_block/str_decode.bdf          ;
; ldr_decode.bdf                   ; yes             ; User Block Diagram/Schematic File  ; E:/Dropbox/University/Year 4/Digital Electronics/Assignments 3 - processor/multiplier_block/ldr_decode.bdf          ;
; instruction_mem.bdf              ; yes             ; User Block Diagram/Schematic File  ; E:/Dropbox/University/Year 4/Digital Electronics/Assignments 3 - processor/multiplier_block/instruction_mem.bdf     ;
; mul_decode.bdf                   ; yes             ; User Block Diagram/Schematic File  ; E:/Dropbox/University/Year 4/Digital Electronics/Assignments 3 - processor/multiplier_block/mul_decode.bdf          ;
; mul_mux.bdf                      ; yes             ; User Block Diagram/Schematic File  ; E:/Dropbox/University/Year 4/Digital Electronics/Assignments 3 - processor/multiplier_block/mul_mux.bdf             ;
; BUSMUX.tdf                       ; yes             ; Megafunction                       ; c:/altera/80/quartus/libraries/megafunctions/BUSMUX.tdf                                                             ;
; lpm_mux.inc                      ; yes             ; Megafunction                       ; c:/altera/80/quartus/libraries/megafunctions/lpm_mux.inc                                                            ;
; lpm_mux.tdf                      ; yes             ; Megafunction                       ; c:/altera/80/quartus/libraries/megafunctions/lpm_mux.tdf                                                            ;
; aglobal80.inc                    ; yes             ; Megafunction                       ; c:/altera/80/quartus/libraries/megafunctions/aglobal80.inc                                                          ;
; muxlut.inc                       ; yes             ; Megafunction                       ; c:/altera/80/quartus/libraries/megafunctions/muxlut.inc                                                             ;
; bypassff.inc                     ; yes             ; Megafunction                       ; c:/altera/80/quartus/libraries/megafunctions/bypassff.inc                                                           ;
; altshift.inc                     ; yes             ; Megafunction                       ; c:/altera/80/quartus/libraries/megafunctions/altshift.inc                                                           ;
; db/mux_5fc.tdf                   ; yes             ; Auto-Generated Megafunction        ; E:/Dropbox/University/Year 4/Digital Electronics/Assignments 3 - processor/multiplier_block/db/mux_5fc.tdf          ;
; db/mux_6fc.tdf                   ; yes             ; Auto-Generated Megafunction        ; E:/Dropbox/University/Year 4/Digital Electronics/Assignments 3 - processor/multiplier_block/db/mux_6fc.tdf          ;
+----------------------------------+-----------------+------------------------------------+---------------------------------------------------------------------------------------------------------------------+


+---------------------------------------------------------------------------+
; Analysis & Synthesis Resource Usage Summary                               ;
+---------------------------------------------+-----------------------------+
; Resource                                    ; Usage                       ;
+---------------------------------------------+-----------------------------+
; Total logic elements                        ; 76                          ;
;     -- Combinational with no register       ; 55                          ;
;     -- Register only                        ; 2                           ;
;     -- Combinational with a register        ; 19                          ;
;                                             ;                             ;
; Logic element usage by number of LUT inputs ;                             ;
;     -- 4 input functions                    ; 41                          ;
;     -- 3 input functions                    ; 21                          ;
;     -- 2 input functions                    ; 12                          ;
;     -- 1 input functions                    ; 0                           ;
;     -- 0 input functions                    ; 0                           ;
;                                             ;                             ;
; Logic elements by mode                      ;                             ;
;     -- normal mode                          ; 76                          ;
;     -- arithmetic mode                      ; 0                           ;
;     -- qfbk mode                            ; 0                           ;
;     -- register cascade mode                ; 0                           ;
;     -- synchronous clear/load mode          ; 0                           ;
;     -- asynchronous clear/load mode         ; 0                           ;
;                                             ;                             ;
; Total registers                             ; 21                          ;
; I/O pins                                    ; 58                          ;
; Maximum fan-out node                        ; data_mem2:inst18|inst30~177 ;
; Maximum fan-out                             ; 20                          ;
; Total fan-out                               ; 313                         ;
; Average fan-out                             ; 2.34                        ;
+---------------------------------------------+-----------------------------+


+-----------------------------------------------------------------------------------------------------------------------------------------------------------------------------------------------------------------------------------------------------------------------------------------------------+
; Analysis & Synthesis Resource Utilization by Entity                                                                                                                                                                                                                                                 ;
+--------------------------------------+-------------+--------------+-------------+------+--------------+--------------+-------------------+------------------+-----------------+------------+-----------------------------------------------------------------------------------------+--------------+
; Compilation Hierarchy Node           ; Logic Cells ; LC Registers ; Memory Bits ; Pins ; Virtual Pins ; LUT-Only LCs ; Register-Only LCs ; LUT/Register LCs ; Carry Chain LCs ; Packed LCs ; Full Hierarchy Name                                                                     ; Library Name ;
+--------------------------------------+-------------+--------------+-------------+------+--------------+--------------+-------------------+------------------+-----------------+------------+-----------------------------------------------------------------------------------------+--------------+
; |top_level                           ; 76 (1)      ; 21           ; 0           ; 58   ; 0            ; 55 (1)       ; 2 (0)             ; 19 (0)           ; 0 (0)           ; 0 (0)      ; |top_level                                                                              ; work         ;
;    |4bit_register:inst4|             ; 4 (4)       ; 4            ; 0           ; 0    ; 0            ; 0 (0)        ; 0 (0)             ; 4 (4)            ; 0 (0)           ; 0 (0)      ; |top_level|4bit_register:inst4                                                          ; work         ;
;    |4bit_register:inst5|             ; 4 (4)       ; 4            ; 0           ; 0    ; 0            ; 0 (0)        ; 0 (0)             ; 4 (4)            ; 0 (0)           ; 0 (0)      ; |top_level|4bit_register:inst5                                                          ; work         ;
;    |4bit_register:inst7|             ; 4 (4)       ; 4            ; 0           ; 0    ; 0            ; 0 (0)        ; 0 (0)             ; 4 (4)            ; 0 (0)           ; 0 (0)      ; |top_level|4bit_register:inst7                                                          ; work         ;
;    |data_mem2:inst18|                ; 12 (12)     ; 0            ; 0           ; 0    ; 0            ; 12 (12)      ; 0 (0)             ; 0 (0)            ; 0 (0)           ; 0 (0)      ; |top_level|data_mem2:inst18                                                             ; work         ;
;    |instruction_decode:inst1|        ; 33 (13)     ; 9            ; 0           ; 0    ; 0            ; 24 (13)      ; 2 (0)             ; 7 (0)            ; 0 (0)           ; 0 (0)      ; |top_level|instruction_decode:inst1                                                     ; work         ;
;       |busmux:inst58|                ; 3 (0)       ; 0            ; 0           ; 0    ; 0            ; 3 (0)        ; 0 (0)             ; 0 (0)            ; 0 (0)           ; 0 (0)      ; |top_level|instruction_decode:inst1|busmux:inst58                                       ; work         ;
;          |lpm_mux:$00000|            ; 3 (0)       ; 0            ; 0           ; 0    ; 0            ; 3 (0)        ; 0 (0)             ; 0 (0)            ; 0 (0)           ; 0 (0)      ; |top_level|instruction_decode:inst1|busmux:inst58|lpm_mux:$00000                        ; work         ;
;             |mux_5fc:auto_generated| ; 3 (3)       ; 0            ; 0           ; 0    ; 0            ; 3 (3)        ; 0 (0)             ; 0 (0)            ; 0 (0)           ; 0 (0)      ; |top_level|instruction_decode:inst1|busmux:inst58|lpm_mux:$00000|mux_5fc:auto_generated ; work         ;
;       |ldr_decode:inst68|            ; 5 (5)       ; 3            ; 0           ; 0    ; 0            ; 2 (2)        ; 1 (1)             ; 2 (2)            ; 0 (0)           ; 0 (0)      ; |top_level|instruction_decode:inst1|ldr_decode:inst68                                   ; work         ;
;       |mul_decode:inst2|             ; 6 (6)       ; 3            ; 0           ; 0    ; 0            ; 3 (3)        ; 0 (0)             ; 3 (3)            ; 0 (0)           ; 0 (0)      ; |top_level|instruction_decode:inst1|mul_decode:inst2                                    ; work         ;
;       |str_decode:inst62|            ; 6 (6)       ; 3            ; 0           ; 0    ; 0            ; 3 (3)        ; 1 (1)             ; 2 (2)            ; 0 (0)           ; 0 (0)      ; |top_level|instruction_decode:inst1|str_decode:inst62                                   ; work         ;
;    |mul_mux:inst10|                  ; 9 (9)       ; 0            ; 0           ; 0    ; 0            ; 9 (9)        ; 0 (0)             ; 0 (0)            ; 0 (0)           ; 0 (0)      ; |top_level|mul_mux:inst10                                                               ; work         ;
;    |mul_mux:inst8|                   ; 9 (9)       ; 0            ; 0           ; 0    ; 0            ; 9 (9)        ; 0 (0)             ; 0 (0)            ; 0 (0)           ; 0 (0)      ; |top_level|mul_mux:inst8                                                                ; work         ;
+--------------------------------------+-------------+--------------+-------------+------+--------------+--------------+-------------------+------------------+-----------------+------------+-----------------------------------------------------------------------------------------+--------------+
Note: For table entries with two numbers listed, the numbers in parentheses indicate the number of resources of the given type used by the specific entity alone. The numbers listed outside of parentheses indicate the total resources of the given type used by the specific entity and all of its sub-entities in the hierarchy.


+------------------------------------------------------+
; General Register Statistics                          ;
+----------------------------------------------+-------+
; Statistic                                    ; Value ;
+----------------------------------------------+-------+
; Total registers                              ; 21    ;
; Number of registers using Synchronous Clear  ; 0     ;
; Number of registers using Synchronous Load   ; 0     ;
; Number of registers using Asynchronous Clear ; 0     ;
; Number of registers using Asynchronous Load  ; 0     ;
; Number of registers using Clock Enable       ; 0     ;
; Number of registers using Preset             ; 0     ;
+----------------------------------------------+-------+


+-------------------------------------------------------------------------------------+
; Parameter Settings for User Entity Instance: instruction_decode:inst1|BUSMUX:inst58 ;
+----------------+-------+------------------------------------------------------------+
; Parameter Name ; Value ; Type                                                       ;
+----------------+-------+------------------------------------------------------------+
; WIDTH          ; 3     ; Untyped                                                    ;
+----------------+-------+------------------------------------------------------------+
Note: In order to hide this table in the UI and the text report file, please set the "Show Parameter Settings Tables in Synthesis Report" option in "Analysis and Synthesis Settings -> More Settings" to "Off".


+-------------------------------------------------------------------------------------------+
; Parameter Settings for User Entity Instance: multiplier:inst|bit_flips:inst|BUSMUX:inst42 ;
+----------------+-------+------------------------------------------------------------------+
; Parameter Name ; Value ; Type                                                             ;
+----------------+-------+------------------------------------------------------------------+
; WIDTH          ; 4     ; Untyped                                                          ;
+----------------+-------+------------------------------------------------------------------+
Note: In order to hide this table in the UI and the text report file, please set the "Show Parameter Settings Tables in Synthesis Report" option in "Analysis and Synthesis Settings -> More Settings" to "Off".


+-------------------------------------------------------------------------------------------+
; Parameter Settings for User Entity Instance: multiplier:inst|bit_flips:inst|BUSMUX:inst41 ;
+----------------+-------+------------------------------------------------------------------+
; Parameter Name ; Value ; Type                                                             ;
+----------------+-------+------------------------------------------------------------------+
; WIDTH          ; 4     ; Untyped                                                          ;
+----------------+-------+------------------------------------------------------------------+
Note: In order to hide this table in the UI and the text report file, please set the "Show Parameter Settings Tables in Synthesis Report" option in "Analysis and Synthesis Settings -> More Settings" to "Off".


+-------------------------------+
; Analysis & Synthesis Messages ;
+-------------------------------+
Info: *******************************************************************
Info: Running Quartus II Analysis & Synthesis
    Info: Version 8.0 Build 215 05/29/2008 SJ Full Version
    Info: Processing started: Sun Jan 08 17:41:19 2012
Info: Command: quartus_map --read_settings_files=on --write_settings_files=off top_level -c top_level
Info: Found 1 design units, including 1 entities, in source file add_subt_decision.bdf
    Info: Found entity 1: add_subt_decision
Info: Found 1 design units, including 1 entities, in source file add_subt_select.bdf
    Info: Found entity 1: add_subt_select
Info: Found 1 design units, including 1 entities, in source file adder.bdf
    Info: Found entity 1: adder
Info: Found 1 design units, including 1 entities, in source file bit_flips.bdf
    Info: Found entity 1: bit_flips
Info: Found 1 design units, including 1 entities, in source file block_name.bdf
    Info: Found entity 1: block_name
Info: Found 1 design units, including 1 entities, in source file bus_combine.bdf
    Info: Found entity 1: bus_combine
Info: Found 1 design units, including 1 entities, in source file CLA_adder.bdf
    Info: Found entity 1: CLA_adder
Info: Found 2 design units, including 1 entities, in source file CLAadder.vhd
    Info: Found design unit 1: CLAadder-CLAadder_architecture
    Info: Found entity 1: CLAadder
Info: Found 1 design units, including 1 entities, in source file input_select.bdf
    Info: Found entity 1: input_select
Info: Found 2 design units, including 1 entities, in source file logic.vhd
    Info: Found design unit 1: logic-logic_architecture
    Info: Found entity 1: logic
Info: Found 2 design units, including 1 entities, in source file lpm_add_sub0.vhd
    Info: Found design unit 1: lpm_add_sub0-SYN
    Info: Found entity 1: lpm_add_sub0
Info: Found 1 design units, including 1 entities, in source file multiplier.bdf
    Info: Found entity 1: multiplier
Info: Found 1 design units, including 1 entities, in source file np_register.bdf
    Info: Found entity 1: np_register
Info: Found 1 design units, including 1 entities, in source file p_register.bdf
    Info: Found entity 1: p_register
Info: Found 1 design units, including 1 entities, in source file state_machine.bdf
    Info: Found entity 1: state_machine
Info: Found 1 design units, including 1 entities, in source file temp_register.bdf
    Info: Found entity 1: temp_register
Info: Found 1 design units, including 1 entities, in source file top_level.bdf
    Info: Found entity 1: top_level
Info: Found 1 design units, including 1 entities, in source file 4bit_register.bdf
    Info: Found entity 1: 4bit_register
Info: Found 1 design units, including 1 entities, in source file instruction_decode.bdf
    Info: Found entity 1: instruction_decode
Info: Found 1 design units, including 1 entities, in source file instruction_load.bdf
    Info: Found entity 1: instruction_load
Info: Found 1 design units, including 1 entities, in source file instruction_pointer.bdf
    Info: Found entity 1: instruction_pointer
Info: Found 1 design units, including 1 entities, in source file data_memory.bdf
    Info: Found entity 1: data_memory
Info: Found 1 design units, including 1 entities, in source file data_mem2.bdf
    Info: Found entity 1: data_mem2
Info: Found 1 design units, including 1 entities, in source file str_decode.bdf
    Info: Found entity 1: str_decode
Info: Found 1 design units, including 1 entities, in source file ldr_decode.bdf
    Info: Found entity 1: ldr_decode
Info: Found 1 design units, including 1 entities, in source file instruction_mem.bdf
    Info: Found entity 1: instruction_mem
Info: Found 1 design units, including 1 entities, in source file mul_decode.bdf
    Info: Found entity 1: mul_decode
Info: Found 1 design units, including 1 entities, in source file mul_mux.bdf
    Info: Found entity 1: mul_mux
Info: Elaborating entity "top_level" for the top level hierarchy
Warning: Undeclared parameter R0
Warning: Can't find a definition for parameter type -- assuming R0 was intended to be a quoted string
Warning: Undeclared parameter A
Warning: Can't find a definition for parameter type -- assuming A was intended to be a quoted string
Info: Elaborating entity "instruction_decode" for hierarchy "instruction_decode:inst1"
Info: Elaborating entity "ldr_decode" for hierarchy "instruction_decode:inst1|ldr_decode:inst68"
Info: Elaborating entity "str_decode" for hierarchy "instruction_decode:inst1|str_decode:inst62"
Info: Elaborating entity "BUSMUX" for hierarchy "instruction_decode:inst1|BUSMUX:inst58"
Info: Elaborated megafunction instantiation "instruction_decode:inst1|BUSMUX:inst58"
Info: Instantiated megafunction "instruction_decode:inst1|BUSMUX:inst58" with the following parameter:
    Info: Parameter "WIDTH" = "3"
Info: Elaborating entity "lpm_mux" for hierarchy "instruction_decode:inst1|BUSMUX:inst58|lpm_mux:$00000"
Info: Elaborated megafunction instantiation "instruction_decode:inst1|BUSMUX:inst58|lpm_mux:$00000", which is child of megafunction instantiation "instruction_decode:inst1|BUSMUX:inst58"
Info: Found 1 design units, including 1 entities, in source file db/mux_5fc.tdf
    Info: Found entity 1: mux_5fc
Info: Elaborating entity "mux_5fc" for hierarchy "instruction_decode:inst1|BUSMUX:inst58|lpm_mux:$00000|mux_5fc:auto_generated"
Info: Elaborating entity "mul_decode" for hierarchy "instruction_decode:inst1|mul_decode:inst2"
Info: Elaborating entity "4bit_register" for hierarchy "4bit_register:inst5"
Info: Elaborating entity "data_mem2" for hierarchy "data_mem2:inst18"
Warning: Pin "load" not connected
Warning: Primitive "AND2" of instance "inst20" not used
Warning: Primitive "AND2" of instance "inst21" not used
Warning: Primitive "AND2" of instance "inst22" not used
Warning: Primitive "AND2" of instance "inst23" not used
Info: Elaborating entity "mul_mux" for hierarchy "mul_mux:inst8"
Info: Elaborating entity "multiplier" for hierarchy "multiplier:inst"
Info: Elaborating entity "state_machine" for hierarchy "multiplier:inst|state_machine:inst1"
Info: Elaborating entity "np_register" for hierarchy "multiplier:inst|np_register:inst16"
Info: Elaborating entity "input_select" for hierarchy "multiplier:inst|input_select:inst9"
Info: Elaborating entity "bus_combine" for hierarchy "multiplier:inst|bus_combine:inst19"
Warning: INPUTC, OUTPUTC and BIDIRC pins not supported for pin "old_data_in[0..4]"
Warning: INPUTC, OUTPUTC and BIDIRC pins not supported for pin "new_data_in[0..3]"
Warning: INPUTC, OUTPUTC and BIDIRC pins not supported for pin "data_out[0..8]"
Info: Elaborating entity "add_subt_select" for hierarchy "multiplier:inst|add_subt_select:inst21"
Info: Elaborating entity "add_subt_decision" for hierarchy "multiplier:inst|add_subt_decision:inst14"
Info: Elaborating entity "adder" for hierarchy "multiplier:inst|adder:inst17"
Info: Elaborating entity "logic" for hierarchy "multiplier:inst|adder:inst17|logic:inst"
Info: Elaborating entity "CLAadder" for hierarchy "multiplier:inst|adder:inst17|CLAadder:inst1"
Info: Elaborating entity "bit_flips" for hierarchy "multiplier:inst|bit_flips:inst"
Info: Elaborating entity "BUSMUX" for hierarchy "multiplier:inst|bit_flips:inst|BUSMUX:inst42"
Info: Elaborated megafunction instantiation "multiplier:inst|bit_flips:inst|BUSMUX:inst42"
Info: Instantiated megafunction "multiplier:inst|bit_flips:inst|BUSMUX:inst42" with the following parameter:
    Info: Parameter "WIDTH" = "4"
Info: Elaborating entity "lpm_mux" for hierarchy "multiplier:inst|bit_flips:inst|BUSMUX:inst42|lpm_mux:$00000"
Info: Elaborated megafunction instantiation "multiplier:inst|bit_flips:inst|BUSMUX:inst42|lpm_mux:$00000", which is child of megafunction instantiation "multiplier:inst|bit_flips:inst|BUSMUX:inst42"
Info: Found 1 design units, including 1 entities, in source file db/mux_6fc.tdf
    Info: Found entity 1: mux_6fc
Info: Elaborating entity "mux_6fc" for hierarchy "multiplier:inst|bit_flips:inst|BUSMUX:inst42|lpm_mux:$00000|mux_6fc:auto_generated"
Info: Elaborating entity "instruction_mem" for hierarchy "instruction_mem:inst6"
Info: Elaborating entity "instruction_pointer" for hierarchy "instruction_pointer:inst9"
Warning: Tri-state node(s) do not directly drive top-level pin(s)
    Warning: Converted the fan-out from the tri-state buffer "data_mem2:inst18|inst30" to the node "4bit_register:inst7|inst10" into an OR gate
    Warning: Converted the fan-out from the tri-state buffer "data_mem2:inst18|inst3" to the node "4bit_register:inst7|inst9" into an OR gate
    Warning: Converted the fan-out from the tri-state buffer "data_mem2:inst18|inst31" to the node "4bit_register:inst7|inst8" into an OR gate
    Warning: Converted the fan-out from the tri-state buffer "data_mem2:inst18|inst32" to the node "4bit_register:inst7|inst7" into an OR gate
Warning: Output pins are stuck at VCC or GND
    Warning (13410): Pin "data[1]" is stuck at GND
    Warning (13410): Pin "data[2]" is stuck at GND
    Warning (13410): Pin "data[3]" is stuck at GND
Info: Implemented 134 device resources after synthesis - the final resource count might be different
    Info: Implemented 12 input pins
    Info: Implemented 46 output pins
    Info: Implemented 76 logic cells
Info: Quartus II Analysis & Synthesis was successful. 0 errors, 21 warnings
    Info: Peak virtual memory: 179 megabytes
    Info: Processing ended: Sun Jan 08 17:41:31 2012
    Info: Elapsed time: 00:00:12
    Info: Total CPU time (on all processors): 00:00:06


